<?xml version="1.0" encoding="UTF-8"?>
<testng-results ignored="0" total="2" passed="2" failed="0" skipped="0">
  <reporter-output>
  </reporter-output>
  <suite started-at="2023-09-07T14:17:58 IST" name="Default suite" finished-at="2023-09-07T14:18:10 IST" duration-ms="12206">
    <groups>
    </groups>
    <test started-at="2023-09-07T14:17:58 IST" name="Default test" finished-at="2023-09-07T14:18:10 IST" duration-ms="12206">
      <class name="DemoJenkins.OrangeHRM.OrangeHRM">
        <test-method signature="TC1()[pri:0, instance:DemoJenkins.OrangeHRM.OrangeHRM@1c7696c6]" started-at="2023-09-07T14:17:58 IST" name="TC1" finished-at="2023-09-07T14:18:07 IST" duration-ms="8427" status="PASS">
          <reporter-output>
          </reporter-output>
        </test-method> <!-- TC1 -->
        <test-method signature="TC2()[pri:0, instance:DemoJenkins.OrangeHRM.OrangeHRM@1c7696c6]" started-at="2023-09-07T14:18:07 IST" name="TC2" finished-at="2023-09-07T14:18:10 IST" depends-on-methods="DemoJenkins.OrangeHRM.OrangeHRM.TC1" duration-ms="3723" status="PASS">
          <reporter-output>
          </reporter-output>
        </test-method> <!-- TC2 -->
      </class> <!-- DemoJenkins.OrangeHRM.OrangeHRM -->
    </test> <!-- Default test -->
  </suite> <!-- Default suite -->
</testng-results>
